<?xml version="1.0" encoding="UTF-8"?>
<!-- Generated by org.testng.reporters.JUnitReportReporter -->
<testsuite hostname="DESKTOP-MQMJHOP" failures="0" tests="1" name="testng.Test0" time="0.007" errors="0" timestamp="2021-11-09T16:44:34 IST" skipped="0">
  <testcase classname="testng.Test0" name="demo" time="0.007"/>
  <system-out>
    <![CDATA[Hello Java
Hello Selenium]]>
  </system-out>
</testsuite> <!-- testng.Test0 -->
