<?xml version="1.0" encoding="UTF-8"?>
<!-- Generated by org.testng.reporters.JUnitReportReporter -->
<testsuite hostname="DESKTOP-MQMJHOP" failures="0" tests="1" name="testng.TestCase2" time="33.715" errors="0" timestamp="2021-11-10T16:54:31 IST" skipped="0">
  <testcase classname="testng.TestCase2" name="tc2" time="33.715"/>
  <system-out>
    <![CDATA[Forgotten Password | Can't Log In | Facebook
https://www.facebook.com/login/identify/?ctx=recover&ars=facebook_login&from_login_screen=0]]>
  </system-out>
</testsuite> <!-- testng.TestCase2 -->
