<?xml version="1.0" encoding="UTF-8"?>
<!-- Generated by org.testng.reporters.JUnitReportReporter -->
<testsuite hostname="DESKTOP-MQMJHOP" failures="0" tests="2" name="testng.ParallelExecution" time="57.822" errors="0" timestamp="2021-11-10T19:04:55 IST" skipped="0">
  <testcase classname="testng.ParallelExecution" name="demo" time="30.425"/>
  <system-out>
    <![CDATA[https://www.facebook.com/login/?privacy_mutation_token=eyJ0eXBlIjowLCJjcmVhdGlvbl90aW1lIjoxNjM2NTUxMjg0LCJjYWxsc2l0ZV9pZCI6MzgxMjI5MDc5NTc1OTQ2fQ%3D%3D
Facebook – log in or sign up]]>
  </system-out>
  <testcase classname="testng.ParallelExecution" name="demo" time="27.397"/>
  <system-out>
    <![CDATA[https://www.facebook.com/login/?privacy_mutation_token=eyJ0eXBlIjowLCJjcmVhdGlvbl90aW1lIjoxNjM2NTUxMjgwLCJjYWxsc2l0ZV9pZCI6MzgxMjI5MDc5NTc1OTQ2fQ%3D%3D
Facebook – log in or sign up]]>
  </system-out>
</testsuite> <!-- testng.ParallelExecution -->
