<?xml version="1.0" encoding="UTF-8"?>
<!-- Generated by org.testng.reporters.JUnitReportReporter -->
<testsuite hostname="DESKTOP-MQMJHOP" failures="0" tests="5" name="testng.Test2" time="0.012" errors="0" timestamp="2021-11-09T17:10:53 IST" skipped="1">
  <testcase classname="testng.Test2" name="setting" time="0.001"/>
  <system-out>
    <![CDATA[setting]]>
  </system-out>
  <testcase classname="testng.Test2" name="call" time="0.009"/>
  <system-out>
    <![CDATA[call]]>
  </system-out>
  <testcase classname="testng.Test2" name="call" time="0.001"/>
  <system-out>
    <![CDATA[call]]>
  </system-out>
  <testcase classname="testng.Test2" name="call" time="0.001"/>
  <system-out>
    <![CDATA[call]]>
  </system-out>
  <testcase classname="testng.Test2" name="chat">
    <skipped/>
  </testcase> <!-- chat -->
  <system-out/>
</testsuite> <!-- testng.Test2 -->
