<?xml version="1.0" encoding="UTF-8"?>
<!-- Generated by org.testng.reporters.JUnitReportReporter -->
<testsuite hostname="DESKTOP-MQMJHOP" failures="0" tests="6" name="testng.Test1" time="0.018" errors="0" timestamp="2021-11-09T17:07:17 IST" skipped="0">
  <testcase classname="testng.Test1" name="chat" time="0.001"/>
  <system-out>
    <![CDATA[chat]]>
  </system-out>
  <testcase classname="testng.Test1" name="chat" time="0.008"/>
  <system-out>
    <![CDATA[chat]]>
  </system-out>
  <testcase classname="testng.Test1" name="call" time="0.006"/>
  <system-out>
    <![CDATA[call]]>
  </system-out>
  <testcase classname="testng.Test1" name="call" time="0.001"/>
  <system-out>
    <![CDATA[call]]>
  </system-out>
  <testcase classname="testng.Test1" name="call" time="0.001"/>
  <system-out>
    <![CDATA[call]]>
  </system-out>
  <testcase classname="testng.Test1" name="setting" time="0.001"/>
  <system-out>
    <![CDATA[setting]]>
  </system-out>
</testsuite> <!-- testng.Test1 -->
